<?xml version="1.0" encoding="UTF-8"?>
<!-- Generated by org.testng.reporters.JUnitXMLReporter -->
<testsuite hostname="DESKTOP-PEK5UDU" ignored="1" name="Test" tests="1" failures="0" timestamp="2021-12-21T12:49:58 IST" time="12.178" errors="0">
  <testcase name="signInPositive" time="2.757" classname="com.qa.tests.BholaPhonesTest"/>
  <testcase name="signInNegative" time="0.0" classname="com.qa.tests.BholaPhonesTest">
    <ignored/>
  </testcase> <!-- signInNegative -->
</testsuite> <!-- Test -->
