<?xml version="1.0" encoding="UTF-8"?>
<testng-results ignored="0" total="2" passed="1" failed="1" skipped="0">
  <reporter-output>
  </reporter-output>
  <suite started-at="2021-12-21T13:50:31 IST" name="Suite" finished-at="2021-12-21T13:51:05 IST" duration-ms="33714">
    <groups>
    </groups>
    <test started-at="2021-12-21T13:50:31 IST" name="Test" finished-at="2021-12-21T13:51:05 IST" duration-ms="33714">
      <class name="com.qa.tests.BholaPhonesTest">
        <test-method is-config="true" signature="setup([Ljava.lang.Object;)[pri:0, instance:com.qa.tests.BholaPhonesTest@49dc7102]" started-at="2021-12-21T13:50:31 IST" name="setup" finished-at="2021-12-21T13:50:54 IST" duration-ms="22716" status="PASS">
          <params>
            <param index="0">
              <value>
                <![CDATA[[Ljava.lang.Object;@52719fb6]]>
              </value>
            </param>
          </params>
          <reporter-output>
          </reporter-output>
        </test-method> <!-- setup -->
        <test-method is-config="true" signature="setup([Ljava.lang.Object;)[pri:0, instance:com.qa.tests.BholaPhonesTest@49dc7102]" started-at="2021-12-21T13:50:31 IST" name="setup" finished-at="2021-12-21T13:50:54 IST" duration-ms="22590" status="PASS">
          <params>
            <param index="0">
              <value>
                <![CDATA[[Ljava.lang.Object;@6221a451]]>
              </value>
            </param>
          </params>
          <reporter-output>
          </reporter-output>
        </test-method> <!-- setup -->
        <test-method signature="signInNegative(java.lang.String)[pri:0, instance:com.qa.tests.BholaPhonesTest@49dc7102]" started-at="2021-12-21T13:50:54 IST" name="signInNegative" description="Vaidate user is able to successfully sign in with the given credentials - Failure scenario" finished-at="2021-12-21T13:50:59 IST" duration-ms="5413" status="FAIL">
          <params>
            <param index="0">
              <value>
                <![CDATA[edge]]>
              </value>
            </param>
          </params>
          <exception class="java.lang.AssertionError">
            <message>
              <![CDATA[expected [true] but found [false]]]>
            </message>
            <full-stacktrace>
              <![CDATA[java.lang.AssertionError: expected [true] but found [false]
at org.testng.Assert.fail(Assert.java:99)
at org.testng.Assert.failNotEquals(Assert.java:1037)
at org.testng.Assert.assertTrue(Assert.java:45)
at org.testng.Assert.assertTrue(Assert.java:55)
at com.qa.tests.BholaPhonesTest.signInNegative(BholaPhonesTest.java:43)
at java.base/jdk.internal.reflect.NativeMethodAccessorImpl.invoke0(Native Method)
at java.base/jdk.internal.reflect.NativeMethodAccessorImpl.invoke(NativeMethodAccessorImpl.java:62)
at java.base/jdk.internal.reflect.DelegatingMethodAccessorImpl.invoke(DelegatingMethodAccessorImpl.java:43)
at java.base/java.lang.reflect.Method.invoke(Method.java:564)
at org.testng.internal.MethodInvocationHelper.invokeMethod(MethodInvocationHelper.java:132)
at org.testng.internal.TestInvoker.invokeMethod(TestInvoker.java:599)
at org.testng.internal.TestInvoker.invokeTestMethod(TestInvoker.java:174)
at org.testng.internal.MethodRunner.runInSequence(MethodRunner.java:46)
at org.testng.internal.TestInvoker$MethodInvocationAgent.invoke(TestInvoker.java:822)
at org.testng.internal.TestInvoker.invokeTestMethods(TestInvoker.java:147)
at org.testng.internal.TestMethodWorker.invokeTestMethods(TestMethodWorker.java:146)
at org.testng.internal.TestMethodWorker.run(TestMethodWorker.java:128)
at java.base/java.util.concurrent.ThreadPoolExecutor.runWorker(ThreadPoolExecutor.java:1130)
at java.base/java.util.concurrent.ThreadPoolExecutor$Worker.run(ThreadPoolExecutor.java:630)
at java.base/java.lang.Thread.run(Thread.java:832)
]]>
            </full-stacktrace>
          </exception> <!-- java.lang.AssertionError -->
          <reporter-output>
          </reporter-output>
        </test-method> <!-- signInNegative -->
        <test-method signature="signInPositive(java.lang.String)[pri:0, instance:com.qa.tests.BholaPhonesTest@49dc7102]" started-at="2021-12-21T13:50:54 IST" name="signInPositive" description="Vaidate user is able to successfully sign in with the given credentials" finished-at="2021-12-21T13:51:01 IST" duration-ms="6802" status="PASS">
          <params>
            <param index="0">
              <value>
                <![CDATA[chrome]]>
              </value>
            </param>
          </params>
          <reporter-output>
          </reporter-output>
        </test-method> <!-- signInPositive -->
        <test-method is-config="true" signature="teardown()[pri:0, instance:com.qa.tests.BholaPhonesTest@49dc7102]" started-at="2021-12-21T13:50:59 IST" name="teardown" finished-at="2021-12-21T13:51:04 IST" duration-ms="4318" status="PASS">
          <reporter-output>
          </reporter-output>
        </test-method> <!-- teardown -->
        <test-method is-config="true" signature="teardown()[pri:0, instance:com.qa.tests.BholaPhonesTest@49dc7102]" started-at="2021-12-21T13:51:01 IST" name="teardown" finished-at="2021-12-21T13:51:05 IST" duration-ms="4013" status="PASS">
          <reporter-output>
          </reporter-output>
        </test-method> <!-- teardown -->
      </class> <!-- com.qa.tests.BholaPhonesTest -->
    </test> <!-- Test -->
  </suite> <!-- Suite -->
</testng-results>
